2025-12-12 13:06:36,489 [INFO] Activator:176 - 


2025-12-12 13:06:36,491 [INFO] Activator:177 - !SESSION log4j initialized
2025-12-12 13:06:38,041 [ERROR] LogOutputStream:75 - [STDERR_REDIRECT] 
2025-12-12 13:06:40,233 [INFO] LogOutputStream:77 - [STDOUT_REDIRECT] 
2025-12-12 13:06:42,823 [INFO] ApplicationProperties:184 - Using Application install path: /Applications/STM32CubeIDE.app/Contents/Eclipse/plugins/com.st.stm32cube.common.mx_6.15.0.202507011659
2025-12-12 13:06:42,840 [INFO] DbMcusXml:78 - Set database path to: /Applications/STM32CubeIDE.app/Contents/Eclipse/plugins/com.st.stm32cube.common.mx_6.15.0.202507011659//db//mcu/
2025-12-12 13:06:42,840 [INFO] ApiDb:274 - Set plugin database path to: /Applications/STM32CubeIDE.app/Contents/Eclipse/plugins/com.st.stm32cube.common.mx_6.15.0.202507011659//db//plugins/boardmanager/
2025-12-12 13:06:42,840 [WARN] ApiDb:259 - Overriding images path with different value:  => /Applications/STM32CubeIDE.app/Contents/Eclipse/plugins/com.st.stm32cube.common.mx_6.15.0.202507011659//db//plugins/mcufinder/images/
2025-12-12 13:06:42,847 [INFO] ApiDb:250 - Set database path to: /Users/viktorstorm/.stmcufinder/plugins/mcufinder//mcu/
2025-12-12 13:06:42,848 [INFO] DbMcusAds:125 - Set database path to: /Users/viktorstorm/.stmcufinder/plugins/mcufinder//mcu/
2025-12-12 13:06:42,850 [INFO] CrossReferenceDbSqlite:203 - Set database path to: /Users/viktorstorm/.stmcufinder/plugins/mcufinder//mcu/cs/
2025-12-12 13:06:43,007 [INFO] RulesReader:64 - Compatibility file has been processed (317 Rules)
2025-12-12 13:06:43,065 [INFO] DbMcusXml:78 - Set database path to: /Applications/STM32CubeIDE.app/Contents/Eclipse/plugins/com.st.stm32cube.common.mx_6.15.0.202507011659//db//mcu/
2025-12-12 13:06:43,066 [INFO] ApiDb:274 - Set plugin database path to: /Applications/STM32CubeIDE.app/Contents/Eclipse/plugins/com.st.stm32cube.common.mx_6.15.0.202507011659//db//plugins/boardmanager/
2025-12-12 13:06:43,066 [INFO] ApiDb:261 - Set plugin images path to: /Applications/STM32CubeIDE.app/Contents/Eclipse/plugins/com.st.stm32cube.common.mx_6.15.0.202507011659//db//plugins/mcufinder/images/
2025-12-12 13:06:43,066 [WARN] DbFile:41 - Overriding database path with different value: /Users/viktorstorm/.stmcufinder/plugins/mcufinder/ => /Users/viktorstorm/.stmcufinder/plugins/mcufinder
2025-12-12 13:06:43,066 [INFO] ApiDb:250 - Set database path to: /Users/viktorstorm/.stmcufinder/plugins/mcufinder//mcu/
2025-12-12 13:06:43,067 [WARN] DbFile:41 - Overriding database path with different value: /Users/viktorstorm/.stmcufinder/plugins/mcufinder/ => /Users/viktorstorm/.stmcufinder/plugins/mcufinder
2025-12-12 13:06:43,067 [INFO] DbMcusAds:125 - Set database path to: /Users/viktorstorm/.stmcufinder/plugins/mcufinder//mcu/
2025-12-12 13:06:43,067 [WARN] DbFile:41 - Overriding database path with different value: /Users/viktorstorm/.stmcufinder/plugins/mcufinder/ => /Users/viktorstorm/.stmcufinder/plugins/mcufinder
2025-12-12 13:06:43,067 [WARN] DbFile:41 - Overriding database path with different value: /Users/viktorstorm/.stmcufinder/plugins/mcufinder/ => /Users/viktorstorm/.stmcufinder/plugins/mcufinder
2025-12-12 13:06:43,067 [INFO] CrossReferenceDbSqlite:203 - Set database path to: /Users/viktorstorm/.stmcufinder/plugins/mcufinder//mcu/cs/
2025-12-12 13:06:43,143 [INFO] MainPanel:274 - HeapMemory: 268435456
2025-12-12 13:06:43,527 [INFO] DbMcusXml:78 - Set database path to: /Applications/STM32CubeIDE.app/Contents/Eclipse/plugins/com.st.stm32cube.common.mx_6.15.0.202507011659//db//mcu/
2025-12-12 13:06:43,527 [INFO] ApiDb:274 - Set plugin database path to: /Applications/STM32CubeIDE.app/Contents/Eclipse/plugins/com.st.stm32cube.common.mx_6.15.0.202507011659//db//plugins/boardmanager/
2025-12-12 13:06:43,528 [INFO] ApiDb:261 - Set plugin images path to: /Applications/STM32CubeIDE.app/Contents/Eclipse/plugins/com.st.stm32cube.common.mx_6.15.0.202507011659//db//plugins/mcufinder/images/
2025-12-12 13:06:43,528 [WARN] DbFile:41 - Overriding database path with different value: /Users/viktorstorm/.stmcufinder/plugins/mcufinder/ => /Users/viktorstorm/.stmcufinder/plugins/mcufinder
2025-12-12 13:06:43,528 [INFO] ApiDb:250 - Set database path to: /Users/viktorstorm/.stmcufinder/plugins/mcufinder//mcu/
2025-12-12 13:06:43,528 [WARN] DbFile:41 - Overriding database path with different value: /Users/viktorstorm/.stmcufinder/plugins/mcufinder/ => /Users/viktorstorm/.stmcufinder/plugins/mcufinder
2025-12-12 13:06:43,528 [INFO] DbMcusAds:125 - Set database path to: /Users/viktorstorm/.stmcufinder/plugins/mcufinder//mcu/
2025-12-12 13:06:43,528 [WARN] DbFile:41 - Overriding database path with different value: /Users/viktorstorm/.stmcufinder/plugins/mcufinder/ => /Users/viktorstorm/.stmcufinder/plugins/mcufinder
2025-12-12 13:06:43,528 [WARN] DbFile:41 - Overriding database path with different value: /Users/viktorstorm/.stmcufinder/plugins/mcufinder/ => /Users/viktorstorm/.stmcufinder/plugins/mcufinder
2025-12-12 13:06:43,528 [INFO] CrossReferenceDbSqlite:203 - Set database path to: /Users/viktorstorm/.stmcufinder/plugins/mcufinder//mcu/cs/
2025-12-12 13:06:43,551 [INFO] ApplicationProperties:184 - Using Application install path: /Applications/STM32CubeIDE.app/Contents/Eclipse/plugins/com.st.stm32cube.common.mx_6.15.0.202507011659
2025-12-12 13:06:43,553 [INFO] PluginManage:196 - Search for loadable plugins [exclusion list=, ]
2025-12-12 13:06:43,556 [INFO] PluginManage:310 - Check plugin analytics
2025-12-12 13:06:43,880 [INFO] AnalyticsPlugin:253 - Accepted Software Licenses: STM32CubeMX.6.16.0
2025-12-12 13:06:43,888 [INFO] AnalyticsPlugin:255 - Accepted CMSIS Pack Licenses: 
2025-12-12 13:06:43,890 [INFO] AnalyticsPlugin:257 - Accepted Firmware Licenses: FW.F4.1.28.0
2025-12-12 13:06:43,910 [INFO] PluginManage:359 - Loaded plugin analytics (category:tool,tabindex:-1)
2025-12-12 13:06:43,913 [INFO] PluginManage:310 - Check plugin cadmodel
2025-12-12 13:06:43,934 [INFO] CADModel:105 - Init CAD model plugin
2025-12-12 13:06:43,935 [INFO] PluginManage:359 - Loaded plugin cadmodel (category:power,tabindex:5)
2025-12-12 13:06:43,936 [INFO] PluginManage:310 - Check plugin clock
2025-12-12 13:06:43,947 [INFO] PluginManage:359 - Loaded plugin clock (category:base,tabindex:2)
2025-12-12 13:06:43,947 [INFO] PluginManage:310 - Check plugin ddr
2025-12-12 13:06:43,949 [INFO] PluginManage:359 - Loaded plugin ddr (category:tool,tabindex:6)
2025-12-12 13:06:43,950 [INFO] PluginManage:310 - Check plugin filemanager
2025-12-12 13:06:44,579 [INFO] PluginManage:359 - Loaded plugin filemanager (category:base,tabindex:10)
2025-12-12 13:06:44,587 [INFO] PluginManage:310 - Check plugin ipmanager
2025-12-12 13:06:44,645 [INFO] PluginManage:359 - Loaded plugin ipmanager (category:base,tabindex:5)
2025-12-12 13:06:44,646 [INFO] PluginManage:310 - Check plugin lpbam
2025-12-12 13:06:44,677 [INFO] PluginManage:359 - Loaded plugin lpbam (category:base,tabindex:0)
2025-12-12 13:06:44,678 [INFO] PluginManage:310 - Check plugin memorymap
2025-12-12 13:06:44,692 [INFO] PluginManage:359 - Loaded plugin memorymap (category:base,tabindex:4)
2025-12-12 13:06:44,692 [INFO] PluginManage:310 - Check plugin pinoutandconfiguration
2025-12-12 13:06:44,699 [INFO] PluginManage:359 - Loaded plugin pinoutandconfiguration (category:base,tabindex:1)
2025-12-12 13:06:44,699 [INFO] PluginManage:310 - Check plugin pinoutconfig
2025-12-12 13:06:44,810 [WARN] SupportedApi:132 - Cannot load RTOS API schema: s4s-elt-must-match.1: The content of 'definitions' must match (annotation?, (simpleType | complexType)?, (unique | key | keyref)*)). A problem was found starting at: attribute.
2025-12-12 13:06:45,044 [INFO] PluginManage:359 - Loaded plugin pinoutconfig (category:base,tabindex:0)
2025-12-12 13:06:45,045 [INFO] PluginManage:310 - Check plugin power
2025-12-12 13:06:45,061 [INFO] PluginManage:359 - Loaded plugin power (category:power,tabindex:4)
2025-12-12 13:06:45,061 [INFO] PluginManage:310 - Check plugin projectmanager
2025-12-12 13:06:45,092 [INFO] PluginManage:359 - Loaded plugin projectmanager (category:projectmanager,tabindex:4)
2025-12-12 13:06:45,093 [INFO] PluginManage:310 - Check plugin rif
2025-12-12 13:06:45,101 [INFO] PluginManage:359 - Loaded plugin rif (category:base,tabindex:3)
2025-12-12 13:06:45,101 [INFO] PluginManage:310 - Check plugin thirdparty
2025-12-12 13:06:45,306 [INFO] PluginManage:359 - Loaded plugin thirdparty (category:base,tabindex:-1)
2025-12-12 13:06:45,306 [INFO] PluginManage:310 - Check plugin tools
2025-12-12 13:06:45,306 [WARN] IntegrityCheckThread:84 - waiting for thirdparty lock release [integrity check]
2025-12-12 13:06:45,309 [INFO] IntegrityCheckThread:86 - entering critical section [integrity check]
2025-12-12 13:06:45,311 [INFO] PluginManage:359 - Loaded plugin tools (category:base,tabindex:7)
2025-12-12 13:06:45,311 [INFO] ThirdPartyUpdaterWithRetryManager:70 - Updater plugin not ready yet. [1/15]
2025-12-12 13:06:45,311 [INFO] PluginManage:310 - Check plugin tutovideos
2025-12-12 13:06:45,502 [INFO] PluginManage:359 - Loaded plugin tutovideos (category:base,tabindex:-1)
2025-12-12 13:06:45,502 [INFO] PluginManage:310 - Check plugin updater
2025-12-12 13:06:45,530 [INFO] PluginManage:359 - Loaded plugin updater (category:base,tabindex:12)
2025-12-12 13:06:45,531 [INFO] PluginManage:310 - Check plugin userauth
2025-12-12 13:06:45,535 [INFO] UserAuth:118 - Init User Auth plugin
2025-12-12 13:06:45,536 [INFO] PluginManage:359 - Loaded plugin userauth (category:base,tabindex:14)
2025-12-12 13:06:45,537 [INFO] PluginManage:283 - PluginManage : Loaded plugins [18]
2025-12-12 13:06:45,786 [INFO] PinOutPanel:1589 - setPackage(No Configuration,No Configuration)
2025-12-12 13:06:45,865 [INFO] CADModel:165 - CPN selected for project level
2025-12-12 13:06:45,865 [INFO] CADModel:114 - Register for checkConnection events
2025-12-12 13:06:45,877 [INFO] IPUIPlugin:80 - create IPUIPlugin
2025-12-12 13:06:45,877 [INFO] PluginManager:220 - loadIPPluginJar : add mdma
2025-12-12 13:06:45,882 [INFO] IPUIPlugin:80 - create IPUIPlugin
2025-12-12 13:06:45,883 [INFO] PluginManager:220 - loadIPPluginJar : add freertos
2025-12-12 13:06:45,886 [INFO] IPUIPlugin:80 - create IPUIPlugin
2025-12-12 13:06:45,886 [INFO] PluginManager:220 - loadIPPluginJar : add gic
2025-12-12 13:06:45,893 [INFO] IPUIPlugin:80 - create IPUIPlugin
2025-12-12 13:06:45,894 [INFO] PluginManager:220 - loadIPPluginJar : add adc
2025-12-12 13:06:45,895 [INFO] IPUIPlugin:80 - create IPUIPlugin
2025-12-12 13:06:45,895 [INFO] PluginManager:220 - loadIPPluginJar : add gtzc
2025-12-12 13:06:45,896 [INFO] IPUIPlugin:80 - create IPUIPlugin
2025-12-12 13:06:45,896 [INFO] PluginManager:220 - loadIPPluginJar : add quadspi
2025-12-12 13:06:45,898 [INFO] IPUIPlugin:80 - create IPUIPlugin
2025-12-12 13:06:45,898 [INFO] PluginManager:220 - loadIPPluginJar : add aes
2025-12-12 13:06:45,900 [INFO] IPUIPlugin:80 - create IPUIPlugin
2025-12-12 13:06:45,900 [INFO] PluginManager:220 - loadIPPluginJar : add pdm2pcm
2025-12-12 13:06:45,901 [INFO] IPUIPlugin:80 - create IPUIPlugin
2025-12-12 13:06:45,901 [INFO] PluginManager:220 - loadIPPluginJar : add hash
2025-12-12 13:06:45,903 [INFO] IPUIPlugin:80 - create IPUIPlugin
2025-12-12 13:06:45,903 [INFO] PluginManager:220 - loadIPPluginJar : add tim
2025-12-12 13:06:45,903 [INFO] IPUIPlugin:80 - create IPUIPlugin
2025-12-12 13:06:45,904 [INFO] PluginManager:220 - loadIPPluginJar : add tsc
2025-12-12 13:06:45,906 [INFO] IPUIPlugin:80 - create IPUIPlugin
2025-12-12 13:06:45,906 [INFO] PluginManager:220 - loadIPPluginJar : add extmemmanager
2025-12-12 13:06:45,907 [INFO] IPUIPlugin:80 - create IPUIPlugin
2025-12-12 13:06:45,908 [INFO] PluginManager:220 - loadIPPluginJar : add ts
2025-12-12 13:06:45,909 [INFO] IPUIPlugin:80 - create IPUIPlugin
2025-12-12 13:06:45,909 [INFO] PluginManager:220 - loadIPPluginJar : add radio
2025-12-12 13:06:45,910 [INFO] IPUIPlugin:80 - create IPUIPlugin
2025-12-12 13:06:45,911 [INFO] PluginManager:220 - loadIPPluginJar : add can
2025-12-12 13:06:45,912 [INFO] IPUIPlugin:80 - create IPUIPlugin
2025-12-12 13:06:45,912 [INFO] PluginManager:220 - loadIPPluginJar : add dma3
2025-12-12 13:06:45,914 [INFO] IPUIPlugin:80 - create IPUIPlugin
2025-12-12 13:06:45,914 [INFO] PluginManager:220 - loadIPPluginJar : add dfsdm
2025-12-12 13:06:45,916 [INFO] IPUIPlugin:80 - create IPUIPlugin
2025-12-12 13:06:45,916 [INFO] PluginManager:220 - loadIPPluginJar : add spi
2025-12-12 13:06:45,917 [INFO] IPUIPlugin:80 - create IPUIPlugin
2025-12-12 13:06:45,917 [INFO] PluginManager:220 - loadIPPluginJar : add gfxmmu
2025-12-12 13:06:45,919 [INFO] IPUIPlugin:80 - create IPUIPlugin
2025-12-12 13:06:45,919 [INFO] PluginManager:220 - loadIPPluginJar : add genericplugin
2025-12-12 13:06:45,920 [INFO] IPUIPlugin:80 - create IPUIPlugin
2025-12-12 13:06:45,920 [INFO] PluginManager:220 - loadIPPluginJar : add cryp
2025-12-12 13:06:45,923 [INFO] IPUIPlugin:80 - create IPUIPlugin
2025-12-12 13:06:45,923 [INFO] PluginManager:220 - loadIPPluginJar : add gpio
2025-12-12 13:06:45,925 [INFO] IPUIPlugin:80 - create IPUIPlugin
2025-12-12 13:06:45,925 [INFO] PluginManager:220 - loadIPPluginJar : add ddr_ctrl_phy
2025-12-12 13:06:45,927 [INFO] IPUIPlugin:80 - create IPUIPlugin
2025-12-12 13:06:45,927 [INFO] PluginManager:220 - loadIPPluginJar : add comp
2025-12-12 13:06:45,929 [INFO] IPUIPlugin:80 - create IPUIPlugin
2025-12-12 13:06:45,930 [INFO] PluginManager:220 - loadIPPluginJar : add tracer_emb
2025-12-12 13:06:45,932 [INFO] IPUIPlugin:80 - create IPUIPlugin
2025-12-12 13:06:45,932 [INFO] PluginManager:220 - loadIPPluginJar : add openamp
2025-12-12 13:06:45,936 [INFO] IPUIPlugin:80 - create IPUIPlugin
2025-12-12 13:06:45,936 [INFO] PluginManager:220 - loadIPPluginJar : add stm32_wpan
2025-12-12 13:06:45,939 [INFO] IPUIPlugin:80 - create IPUIPlugin
2025-12-12 13:06:45,942 [INFO] PluginManager:220 - loadIPPluginJar : add plateformsettings
2025-12-12 13:06:45,944 [INFO] IPUIPlugin:80 - create IPUIPlugin
2025-12-12 13:06:45,944 [INFO] PluginManager:220 - loadIPPluginJar : add ipddr
2025-12-12 13:06:45,946 [INFO] IPUIPlugin:80 - create IPUIPlugin
2025-12-12 13:06:45,946 [INFO] PluginManager:220 - loadIPPluginJar : add usart
2025-12-12 13:06:45,946 [INFO] IPUIPlugin:80 - create IPUIPlugin
2025-12-12 13:06:45,946 [INFO] PluginManager:220 - loadIPPluginJar : add ltdc
2025-12-12 13:06:45,949 [INFO] IPUIPlugin:80 - create IPUIPlugin
2025-12-12 13:06:45,949 [INFO] PluginManager:220 - loadIPPluginJar : add nvic
2025-12-12 13:06:45,950 [INFO] IPUIPlugin:80 - create IPUIPlugin
2025-12-12 13:06:45,950 [INFO] PluginManager:220 - loadIPPluginJar : add fatfs
2025-12-12 13:06:45,955 [INFO] IPUIPlugin:80 - create IPUIPlugin
2025-12-12 13:06:45,956 [INFO] PluginManager:220 - loadIPPluginJar : add linkedlist
2025-12-12 13:06:45,960 [INFO] IPUIPlugin:80 - create IPUIPlugin
2025-12-12 13:06:45,960 [INFO] PluginManager:220 - loadIPPluginJar : add dma
2025-12-12 13:06:45,963 [INFO] IPUIPlugin:80 - create IPUIPlugin
2025-12-12 13:06:45,963 [INFO] PluginManager:220 - loadIPPluginJar : add fmc
2025-12-12 13:06:45,964 [INFO] IPUIPlugin:80 - create IPUIPlugin
2025-12-12 13:06:45,964 [INFO] PluginManager:220 - loadIPPluginJar : add i2s
2025-12-12 13:06:45,965 [INFO] IPUIPlugin:80 - create IPUIPlugin
2025-12-12 13:06:45,965 [INFO] PluginManager:220 - loadIPPluginJar : add ucpd
2025-12-12 13:06:45,967 [INFO] IPUIPlugin:80 - create IPUIPlugin
2025-12-12 13:06:45,967 [INFO] PluginManager:220 - loadIPPluginJar : add lorawan
2025-12-12 13:06:45,969 [INFO] IPUIPlugin:80 - create IPUIPlugin
2025-12-12 13:06:45,969 [INFO] PluginManager:220 - loadIPPluginJar : add opamp
2025-12-12 13:06:45,971 [INFO] IPUIPlugin:80 - create IPUIPlugin
2025-12-12 13:06:45,971 [INFO] PluginManager:220 - loadIPPluginJar : add i3c
2025-12-12 13:06:45,975 [INFO] IPUIPlugin:80 - create IPUIPlugin
2025-12-12 13:06:45,975 [INFO] PluginManager:220 - loadIPPluginJar : add touchsensing
2025-12-12 13:06:45,978 [INFO] IPUIPlugin:80 - create IPUIPlugin
2025-12-12 13:06:45,978 [INFO] PluginManager:220 - loadIPPluginJar : add i2c
2025-12-12 13:06:45,981 [INFO] IPUIPlugin:80 - create IPUIPlugin
2025-12-12 13:06:45,981 [INFO] PluginManager:220 - loadIPPluginJar : add resmgrutility
2025-12-12 13:06:45,983 [INFO] IPUIPlugin:80 - create IPUIPlugin
2025-12-12 13:06:45,983 [INFO] PluginManager:220 - loadIPPluginJar : add sai
2025-12-12 13:06:45,985 [INFO] IPUIPlugin:80 - create IPUIPlugin
2025-12-12 13:06:45,985 [INFO] PluginManager:220 - loadIPPluginJar : add usbx
2025-12-12 13:06:46,110 [FATAL] Updater:351 - Updater called before beeing initialized
2025-12-12 13:06:46,164 [INFO] RulesReader:64 - Compatibility file has been processed (317 Rules)
2025-12-12 13:06:46,175 [INFO] RulesReader:64 - Compatibility file has been processed (317 Rules)
2025-12-12 13:06:46,188 [INFO] CADModel:165 - CPN selected for project level
2025-12-12 13:06:46,189 [INFO] CADModel:114 - Register for checkConnection events
2025-12-12 13:06:46,189 [FATAL] Updater:351 - Updater called before beeing initialized
2025-12-12 13:06:46,189 [ERROR] CADModel:125 - Updater not yet initialized, retry later 
2025-12-12 13:06:46,433 [FATAL] Updater:351 - Updater called before beeing initialized
2025-12-12 13:06:46,434 [INFO] CADModel:165 - CPN selected for project level
2025-12-12 13:06:46,435 [INFO] CADModel:114 - Register for checkConnection events
2025-12-12 13:06:46,435 [FATAL] Updater:351 - Updater called before beeing initialized
2025-12-12 13:06:46,435 [ERROR] CADModel:125 - Updater not yet initialized, retry later 
2025-12-12 13:06:46,437 [FATAL] Updater:351 - Updater called before beeing initialized
2025-12-12 13:06:46,588 [FATAL] Updater:351 - Updater called before beeing initialized
2025-12-12 13:06:46,593 [INFO] DbMcusAds:53 - JSON generation date=Mon Dec 08 15:28:09 CET 2025 (1765204089911)
2025-12-12 13:06:46,594 [FATAL] Updater:351 - Updater called before beeing initialized
2025-12-12 13:06:46,658 [WARN] DetailPanel:346 - Failed to get advertising image, set to default
2025-12-12 13:06:46,734 [FATAL] Updater:351 - Updater called before beeing initialized
2025-12-12 13:06:46,737 [FATAL] Updater:351 - Updater called before beeing initialized
2025-12-12 13:06:46,738 [FATAL] Updater:351 - Updater called before beeing initialized
2025-12-12 13:06:46,738 [WARN] DetailPanel:346 - Failed to get advertising image, set to default
2025-12-12 13:06:46,743 [FATAL] Updater:351 - Updater called before beeing initialized
2025-12-12 13:06:46,821 [ERROR] Updater:1198 - MainUpdater not yet initialized. External WinMGr cannot be set.
2025-12-12 13:06:46,835 [INFO] Updater:1134 - Updater Version found : 6.15.0
2025-12-12 13:06:46,850 [INFO] ApplicationProperties:184 - Using Application install path: /Applications/STM32CubeIDE.app/Contents/Eclipse/plugins/com.st.stm32cube.common.mx_6.15.0.202507011659
2025-12-12 13:06:46,893 [INFO] MainUpdater:525 - Copy updater definitions from MX database
2025-12-12 13:06:47,265 [INFO] MainUpdater:2872 - connection check result : 10
2025-12-12 13:06:47,265 [INFO] MainUpdater:3604 - Updater definition file requires update
2025-12-12 13:06:47,266 [INFO] MainUpdater:289 - Updater Check For Update Now.
2025-12-12 13:06:47,266 [INFO] MicroXplorer:498 - Change Database Version : DB.6.0.150
2025-12-12 13:06:47,275 [INFO] McuFinderGlobals:63 - Set McuFinder mode to 2 (CubeIDE integrated)
2025-12-12 13:06:47,275 [INFO] UserAuth:171 - activating auth plugin
2025-12-12 13:06:47,286 [INFO] UserAuth:487 - Internet connection configuration mode: 1
2025-12-12 13:06:47,300 [INFO] JxBrowserEngine:152 - Initiate JxBrowser Engine with user profile folder
2025-12-12 13:06:47,353 [INFO] ServerAccessManage:452 - Complete download http(s) 200
2025-12-12 13:06:47,360 [INFO] ServerAccessManage:509 - Download File updaters.zip
2025-12-12 13:06:47,534 [INFO] FileExtend:248 - Unzip File : updaters.zip
2025-12-12 13:06:47,535 [INFO] FileExtend:263 - Standard Zip Deflate
2025-12-12 13:06:47,805 [INFO] ServerAccessManage:452 - Complete download http(s) 200
2025-12-12 13:06:47,806 [INFO] ServerAccessManage:509 - Download File PacksControlFlags.xml
2025-12-12 13:06:47,978 [INFO] ServerAccessManage:452 - Complete download http(s) 200
2025-12-12 13:06:47,978 [INFO] ServerAccessManage:509 - Download File cubemx.pidx
2025-12-12 13:06:48,262 [INFO] LoadServerUpdatesThread:375 - End of LoadServerUpdate Thread
2025-12-12 13:06:48,318 [WARN] MainUpdater:1193 - Updater busy. Cannot search thirdparties
2025-12-12 13:06:48,319 [INFO] ThirdPartyUpdaterWithRetryManager:96 - Updater plugin is busy. [1/15]
2025-12-12 13:06:48,587 [INFO] CheckServerUpdateThread:120 - End of CheckServer Thread
2025-12-12 13:06:51,506 [WARN] PackLoader:240 - Cannot read IP mode file for STMicroelectronics.FP-SNS-MOTENVWB1.1.4.0
2025-12-12 13:06:51,526 [WARN] PackLoader:240 - Cannot read IP mode file for STMicroelectronics.FP-ATR-ASTRA1.2.0.2
2025-12-12 13:06:51,539 [WARN] PackLoader:240 - Cannot read IP mode file for STMicroelectronics.X-CUBE-SMBUS.2.1.0
2025-12-12 13:06:51,575 [WARN] PackLoader:240 - Cannot read IP mode file for STMicroelectronics.X-CUBE-AZRTOS-F7.1.1.0
2025-12-12 13:06:51,598 [WARN] PackLoader:240 - Cannot read IP mode file for STMicroelectronics.FP-SNS-MOTENV1.5.1.0
2025-12-12 13:06:51,632 [WARN] PackLoader:240 - Cannot read IP mode file for WES.I-CUBE-Cesium.1.4.0
2025-12-12 13:06:51,697 [WARN] PackLoader:240 - Cannot read IP mode file for STMicroelectronics.X-CUBE-AZRTOS-H7.3.4.0
2025-12-12 13:06:51,750 [WARN] PackLoader:240 - Cannot read IP mode file for STMicroelectronics.X-CUBE-DISPLAY.3.0.0
2025-12-12 13:06:51,789 [WARN] PackLoader:240 - Cannot read IP mode file for STMicroelectronics.X-CUBE-NFC10.1.0.0
2025-12-12 13:06:51,806 [WARN] PackLoader:240 - Cannot read IP mode file for STMicroelectronics.X-CUBE-ST60.1.1.0
2025-12-12 13:06:51,834 [WARN] PackLoader:240 - Cannot read IP mode file for emotas.I-CUBE-CANOPEN.1.3.0
2025-12-12 13:06:51,853 [WARN] PackLoader:240 - Cannot read IP mode file for STMicroelectronics.X-CUBE-GNSS1.7.1.0
2025-12-12 13:06:51,919 [WARN] PackLoader:240 - Cannot read IP mode file for STMicroelectronics.FP-SNS-STBOX1.2.1.0
2025-12-12 13:06:51,968 [WARN] PackLoader:240 - Cannot read IP mode file for STMicroelectronics.FP-SNS-SMARTAG2.1.2.0
2025-12-12 13:06:51,982 [WARN] PackLoader:240 - Cannot read IP mode file for STMicroelectronics.FP-SNS-FLIGHT1.5.1.0
2025-12-12 13:06:52,008 [INFO] LogOutputStream:77 - [STDOUT_REDIRECT] 1 : Invalid condition id : UX_CORESTACK_Condition cause : null
2025-12-12 13:06:52,012 [INFO] LogOutputStream:77 - [STDOUT_REDIRECT] 1 : Invalid condition id : UX_CORESTACK_Condition cause : null
2025-12-12 13:06:52,014 [INFO] LogOutputStream:77 - [STDOUT_REDIRECT] 1 : Invalid condition id : UX_CORESTACK_Condition cause : null
2025-12-12 13:06:52,015 [INFO] LogOutputStream:77 - [STDOUT_REDIRECT] 1 : Invalid condition id : UX_CORESTACK_Condition cause : null
2025-12-12 13:06:52,015 [INFO] LogOutputStream:77 - [STDOUT_REDIRECT] 1 : Invalid condition id : UX_CORESTACK_Condition cause : null
2025-12-12 13:06:52,047 [WARN] PackLoader:240 - Cannot read IP mode file for STMicroelectronics.X-CUBE-AZRTOS-WL.2.0.0
2025-12-12 13:06:52,115 [WARN] PackLoader:240 - Cannot read IP mode file for STMicroelectronics.X-CUBE-AZRTOS-H7RS.1.2.0
2025-12-12 13:06:52,161 [WARN] PackLoader:240 - Cannot read IP mode file for STMicroelectronics.X-CUBE-BLE2.3.3.0
2025-12-12 13:06:52,279 [WARN] PackLoader:240 - Cannot read IP mode file for Infineon.AIROC-Wi-Fi-Bluetooth-STM32.1.8.0
2025-12-12 13:06:52,298 [INFO] WebApp:169 - Instantiating new browser for Auth
2025-12-12 13:06:52,329 [WARN] PackLoader:240 - Cannot read IP mode file for STMicroelectronics.X-CUBE-NFC9.1.0.0
2025-12-12 13:06:52,355 [WARN] PackLoader:240 - Cannot read IP mode file for STMicroelectronics.X-CUBE-BLE1.7.1.0
2025-12-12 13:06:52,370 [WARN] PackLoader:240 - Cannot read IP mode file for wolfSSL.I-CUBE-wolfMQTT.1.19.2
2025-12-12 13:06:52,390 [WARN] PackLoader:240 - Cannot read IP mode file for STMicroelectronics.X-CUBE-FREERTOS.1.4.0
2025-12-12 13:06:52,397 [WARN] PackLoader:240 - Cannot read IP mode file for STMicroelectronics.X-CUBE-EEPRMA1.5.2.0
2025-12-12 13:06:52,406 [WARN] PackLoader:240 - Cannot read IP mode file for wolfSSL.I-CUBE-wolfSSL.5.8.4
2025-12-12 13:06:52,409 [WARN] PackLoader:240 - Cannot read IP mode file for Cesanta.I-CUBE-Mongoose.7.20.0
2025-12-12 13:06:52,415 [WARN] PackLoader:240 - Cannot read IP mode file for STMicroelectronics.X-CUBE-ST67W61.1.1.0
2025-12-12 13:06:52,495 [WARN] PackLoader:240 - Cannot read IP mode file for STMicroelectronics.X-CUBE-MEMS1.12.0.0
2025-12-12 13:06:52,603 [WARN] PackLoader:240 - Cannot read IP mode file for STMicroelectronics.X-CUBE-AZRTOS-G0.1.1.0
2025-12-12 13:06:52,613 [WARN] PackLoader:240 - Cannot read IP mode file for STMicroelectronics.X-CUBE-NFC4.3.0.0
2025-12-12 13:06:52,626 [WARN] PackLoader:240 - Cannot read IP mode file for EmbeddedOffice.I-CUBE-FS-RTOS.1.0.1
2025-12-12 13:06:52,640 [WARN] PackLoader:240 - Cannot read IP mode file for STMicroelectronics.X-CUBE-WB05N.2.0.0
2025-12-12 13:06:52,652 [WARN] PackLoader:240 - Cannot read IP mode file for wolfSSL.I-CUBE-wolfTPM.3.8.0
2025-12-12 13:06:52,659 [WARN] PackLoader:240 - Cannot read IP mode file for STMicroelectronics.X-CUBE-TCPP.4.2.0
2025-12-12 13:06:52,668 [WARN] PackLoader:240 - Cannot read IP mode file for STMicroelectronics.FP-ATR-SIGFOX1.3.2.0
2025-12-12 13:06:52,673 [WARN] PackLoader:240 - Cannot read IP mode file for ITTIA_DB.I-CUBE-ITTIADB.8.9.0
2025-12-12 13:06:52,678 [WARN] PackLoader:240 - Cannot read IP mode file for STMicroelectronics.X-CUBE-AI.10.2.0
2025-12-12 13:06:52,723 [WARN] PackLoader:240 - Cannot read IP mode file for SEGGER.I-CUBE-embOS.1.3.1
2025-12-12 13:06:52,811 [WARN] PackLoader:240 - Cannot read IP mode file for STMicroelectronics.X-CUBE-ALGOBUILD.1.4.0
2025-12-12 13:06:52,827 [WARN] PackLoader:240 - Cannot read IP mode file for STMicroelectronics.X-CUBE-PM33A1.1.0.0
2025-12-12 13:06:52,854 [WARN] PackLoader:240 - Cannot read IP mode file for STMicroelectronics.X-CUBE-AZRTOS-F4.1.1.0
2025-12-12 13:06:52,869 [WARN] PackLoader:240 - Cannot read IP mode file for STMicroelectronics.X-CUBE-ISPU.2.1.0
2025-12-12 13:06:52,892 [WARN] PackLoader:240 - Cannot read IP mode file for STMicroelectronics.X-CUBE-IPS.3.2.0
2025-12-12 13:06:52,912 [WARN] PackLoader:240 - Cannot read IP mode file for STMicroelectronics.X-CUBE-NFC12.1.0.0
2025-12-12 13:06:53,185 [WARN] PackLoader:240 - Cannot read IP mode file for STMicroelectronics.X-CUBE-AZRTOS-L5.2.0.0
2025-12-12 13:06:53,462 [WARN] PackLoader:240 - Cannot read IP mode file for STMicroelectronics.X-CUBE-NFC6.3.1.0
2025-12-12 13:06:53,544 [WARN] PackLoader:240 - Cannot read IP mode file for STMicroelectronics.X-CUBE-TOUCHGFX.4.26.0
2025-12-12 13:06:53,572 [WARN] PackLoader:240 - Cannot read IP mode file for STMicroelectronics.FP-SNS-STAIOTCFT.1.0.0
2025-12-12 13:06:53,587 [WARN] PackLoader:240 - Cannot read IP mode file for STMicroelectronics.X-CUBE-DPower.1.3.0
2025-12-12 13:06:53,619 [WARN] ConditionMgr:438 - getConditionDescription Invalid condition id : LAN8742 Phy interface Condition cause : null
2025-12-12 13:06:53,621 [WARN] PackLoader:240 - Cannot read IP mode file for STMicroelectronics.X-CUBE-AZRTOS-L4.2.0.0
2025-12-12 13:06:53,625 [WARN] ConditionMgr:1044 - genDependencies : Invalid condition id : LAN8742 Phy interface Condition cause : null
2025-12-12 13:06:53,626 [WARN] ConditionMgr:1044 - genDependencies : Invalid condition id : LAN8742 Phy interface Condition cause : null
2025-12-12 13:06:53,628 [WARN] ConditionMgr:1044 - genDependencies : Invalid condition id : LAN8742 Phy interface Condition cause : null
2025-12-12 13:06:53,639 [WARN] PackLoader:240 - Cannot read IP mode file for STMicroelectronics.X-CUBE-SFXS2LP1.4.0.0
2025-12-12 13:06:53,681 [WARN] PackLoader:240 - Cannot read IP mode file for STMicroelectronics.X-CUBE-BLEMGR.4.1.0
2025-12-12 13:06:53,700 [WARN] ConditionMgr:438 - getConditionDescription Invalid condition id : UX DEVICE CLASS RTOS Condition cause : null
2025-12-12 13:06:53,701 [WARN] ConditionMgr:438 - getConditionDescription Invalid condition id : UX DEVICE CLASS RTOS Condition cause : null
2025-12-12 13:06:53,705 [WARN] PackLoader:240 - Cannot read IP mode file for STMicroelectronics.X-CUBE-AZRTOS-WB.2.0.0
2025-12-12 13:06:53,707 [WARN] ConditionMgr:1044 - genDependencies : Invalid condition id : UX DEVICE CLASS RTOS Condition cause : null
2025-12-12 13:06:53,707 [WARN] ConditionMgr:1044 - genDependencies : Invalid condition id : UX DEVICE CLASS RTOS Condition cause : null
2025-12-12 13:06:53,707 [WARN] ConditionMgr:1044 - genDependencies : Invalid condition id : UX DEVICE CLASS RTOS Condition cause : null
2025-12-12 13:06:53,708 [WARN] ConditionMgr:1044 - genDependencies : Invalid condition id : UX DEVICE CLASS RTOS Condition cause : null
2025-12-12 13:06:53,708 [WARN] ConditionMgr:1044 - genDependencies : Invalid condition id : UX DEVICE CLASS RTOS Condition cause : null
2025-12-12 13:06:53,713 [WARN] ConditionMgr:438 - getConditionDescription Invalid condition id : Cortex-A Device cause : null
2025-12-12 13:06:53,766 [WARN] ConditionMgr:1044 - genDependencies : Invalid condition id : Cortex-A Device cause : null
2025-12-12 13:06:53,767 [WARN] ConditionMgr:1044 - genDependencies : Invalid condition id : Cortex-A Device cause : null
2025-12-12 13:06:53,767 [WARN] ConditionMgr:1044 - genDependencies : Invalid condition id : Cortex-A Device cause : null
2025-12-12 13:06:53,786 [WARN] PackLoader:240 - Cannot read IP mode file for STMicroelectronics.X-CUBE-SUBG2.5.0.0
2025-12-12 13:06:53,811 [WARN] PackLoader:240 - Cannot read IP mode file for STMicroelectronics.X-CUBE-AZRTOS-G4.2.0.0
2025-12-12 13:06:53,817 [WARN] PackLoader:240 - Cannot read IP mode file for wolfSSL.I-CUBE-wolfSSH.1.4.20
2025-12-12 13:06:53,822 [WARN] PackLoader:240 - Cannot read IP mode file for STMicroelectronics.X-CUBE-NFC7.2.0.0
2025-12-12 13:06:53,831 [WARN] PackLoader:240 - Cannot read IP mode file for STMicroelectronics.X-CUBE-ALS.1.0.2
2025-12-12 13:06:53,853 [WARN] PackLoader:240 - Cannot read IP mode file for STMicroelectronics.X-CUBE-STSE01.1.0.0
2025-12-12 13:06:53,867 [WARN] PackLoader:240 - Cannot read IP mode file for STMicroelectronics.X-CUBE-TOF1.3.4.3
2025-12-12 13:06:53,888 [INFO] ThirdParty:978 - Integrity check success = true
2025-12-12 13:06:53,888 [INFO] IntegrityCheckThread:100 - exiting critical section [integrity check]
2025-12-12 13:06:53,888 [INFO] IntegrityCheckThread:103 - End integrity checks thread
2025-12-12 13:06:54,546 [INFO] WebApp:463 - Apply proxy settings
2025-12-12 13:06:54,570 [INFO] WebApp:508 - Chromium authenticates against Manually configured proxy
2025-12-12 13:06:54,603 [INFO] WebApp:516 - Username used for proxy authentication: 
2025-12-12 13:06:54,667 [INFO] WebApp:900 - Register for checkConnection events
2025-12-12 13:06:54,669 [INFO] WebApp:463 - Apply proxy settings
2025-12-12 13:06:54,680 [INFO] WebApp:508 - Chromium authenticates against Manually configured proxy
2025-12-12 13:06:54,683 [INFO] WebApp:516 - Username used for proxy authentication: 
2025-12-12 13:06:54,921 [INFO] WebApp:225 - Starting web application
2025-12-12 13:06:54,921 [INFO] WebApp:593 - Web application path used /Applications/STM32CubeIDE.app/Contents/Eclipse/plugins/com.st.stm32cube.common.mx_6.15.0.202507011659/db/plugins/mcufinder/reactClient1/index.html
2025-12-12 13:06:55,456 [INFO] WebApp:191 - Connection restablished
